INFO:  latexindent.pl version 3.24.4, 2024-07-18, a script to indent .tex files
       latexindent.pl lives here: /opt/homebrew/Cellar/latexindent/3.24.4/libexec/bin/
       Tue Oct 22 22:07:21 2024
       Filename: /Users/griffin/Sync/__currentCourses/2143-Object-Oriented-Programming/Assignments/09-T02/.exam.tex
INFO:  Processing switches:
INFO:  Directory for backup files and log file indent.log:
       /Users/griffin/Sync/__currentCourses/2143-Object-Oriented-Programming/Assignments/09-T02
INFO:  Perl modules are being loaded from the following directories:
       /opt/homebrew/opt/perl/lib/perl5/5.38/FindBin.pm
       /opt/homebrew/Cellar/latexindent/3.24.4/libexec/lib/perl5/YAML/Tiny.pm
       /opt/homebrew/opt/perl/lib/perl5/5.38/File/Copy.pm
       /opt/homebrew/opt/perl/lib/perl5/5.38/File/Basename.pm
       /opt/homebrew/opt/perl/lib/perl5/5.38/Getopt/Long.pm
       /opt/homebrew/Cellar/latexindent/3.24.4/libexec/lib/perl5/File/HomeDir.pm
INFO:  LatexIndent perl modules are being loaded from, for example:
       /opt/homebrew/Cellar/latexindent/3.24.4/libexec/lib/perl5/LatexIndent/Document.pm
INFO:  YAML settings read: defaultSettings.yaml
       Reading defaultSettings.yaml from /opt/homebrew/Cellar/latexindent/3.24.4/libexec/bin/defaultSettings.yaml
INFO:  YAML reading settings
       Home directory is /Users/griffin
       latexindent.pl didn't find indentconfig.yaml or .indentconfig.yaml
       see all possible locations: https://latexindentpl.readthedocs.io/en/latest/sec-appendices.html#indentconfig-options)
INFO:  Phase 1: searching for objects
INFO:  Phase 2: finding surrounding indentation
INFO:  Phase 3: indenting objects
INFO:  Phase 4: final indentation check
INFO:  Output routine:
       Not outputting to file; see -w and -o switches for more options.
       --------------
INFO:  Please direct all communication/issues to:
        https://github.com/cmhughes/latexindent.pl
